<?xml version="1.0" encoding="UTF-8"?>
<testng-results skipped="0" failed="0" ignored="0" total="1" passed="1">
  <reporter-output>
  </reporter-output>
  <suite name="Default suite" duration-ms="26439" started-at="2020-07-03T17:18:22 IST" finished-at="2020-07-03T17:18:49 IST">
    <groups>
    </groups>
    <test name="Default test" duration-ms="26439" started-at="2020-07-03T17:18:22 IST" finished-at="2020-07-03T17:18:49 IST">
      <class name="TestCases.CheckValidUser">
        <test-method status="PASS" signature="verifyvaliduser()[pri:0, instance:TestCases.CheckValidUser@5a4041cc]" name="verifyvaliduser" duration-ms="26351" started-at="2020-07-03T17:18:22 IST" finished-at="2020-07-03T17:18:49 IST">
          <reporter-output>
          </reporter-output>
        </test-method> <!-- verifyvaliduser -->
      </class> <!-- TestCases.CheckValidUser -->
    </test> <!-- Default test -->
  </suite> <!-- Default suite -->
</testng-results>
